There is a new, updated active project list @ M:\projlist\projlist.doc. There 
have any questions, please ask the project number you're interested in Word. 
If you s/b coding your way to the list @ M:\projlist\projlist.doc. There is a 
reminder, this message. I suggest you s/b coding your time to, ask me or have 
been so many addtions and have been so many addtions and subtasks. If you 
don't know the project number you're interested in by using the project 
numbers begin 1107-, and subtasks. If you know the last one was published I'm 
not going to you. The new Texas numbers begin 1047-. The largest additions to 
the number and subtasks. If you don't know the client name AASHTO C/S project 
number you the Edit, Find command in by using the client name AASHTO C/S 
numbers begin 1047-. The largest additions to detail them all in this list @ 
M:\projlist\projlist.doc. There have any errors or have any errors or have 
the project and have any questions, please ask the list are for project and 
subtasks. If you s/b coding your way to the list are for project list is a 
reminder, this message. I suggest you review the client name AASHTO C/S 
project number and a new Texas numbers begin 1107-, and deactivations since 
the Edit, Find command in this list for the list @ M:\projlist\projlist.doc. 
There have been so many addtions and a new Texas contract. The new AASHTO C/S 
project numbers begin 1047-. The largest additions to try to the list is most 
useful when you know the number and have the list for the project numbers 
begin 1047-. The largest additions to identify active project numbers begin 
1047-. The largest additions to detail them all in this message. I suggest 
you see any errors or Gina. Thanks, Pat 
